<?xml version="1.0" encoding="UTF-8"?>
<!-- Generated by org.testng.reporters.JUnitReportReporter -->
<testsuite hostname="DESKTOP-D59KUTD" failures="0" tests="1" name="LoginTest" time="0.045" errors="0" timestamp="2021-06-15T14:53:10 SGT" skipped="0">
  <testcase classname="LoginTest" name="Duringtest" time="0.045"/>
  <system-out/>
</testsuite> <!-- LoginTest -->
