<?xml version="1.0" encoding="UTF-8"?>
<!-- Generated by org.testng.reporters.JUnitReportReporter -->
<testsuite hostname="DESKTOP-D59KUTD" failures="0" tests="1" name="org.TestAuto.Tests.LoginTest" time="0.014" errors="0" timestamp="15 Jun 2021 07:52:22 GMT">
  <testcase classname="org.TestAuto.Tests.LoginTest" name="Duringtest" time="0.014"/>
</testsuite> <!-- org.TestAuto.Tests.LoginTest -->
